<?xml version="1.0" encoding="UTF-8"?>
<testsuite xmlns:xsi="http://www.w3.org/2001/XMLSchema-instance" xsi:noNamespaceSchemaLocation="https://maven.apache.org/surefire/maven-surefire-plugin/xsd/surefire-test-report-3.0.xsd" version="3.0" name="TestSuite" time="30.089" tests="2" errors="0" skipped="0" failures="0">
  <properties>
[...]
</properties>
  <testcase name="loginWithValidCreds" classname="com.hm.tests.HmIndexPageTests" time="5.673">
    <system-out><![CDATA[Before navigating to: 'https://www2.hm.com/en_in/index.html'
Navigated to:'https://www2.hm.com/en_in/index.html'
Trying to find Element By : By.xpath: //div[@class='account parbase']//a[@data-remodal-trigger='signin']
Found Element By : By.xpath: //div[@class='account parbase']//a[@data-remodal-trigger='signin']
Trying to find Element By : By.xpath: //div[@class='account parbase']//a[@data-remodal-trigger='signin']
Found Element By : By.xpath: //div[@class='account parbase']//a[@data-remodal-trigger='signin']
Trying to click on: [[ChromeDriver: chrome on WINDOWS (c3c7f55eaad0e601829b8198aa503c38)] -> xpath: //div[@class='account parbase']//a[@data-remodal-trigger='signin']]
Clicked on: [[ChromeDriver: chrome on WINDOWS (c3c7f55eaad0e601829b8198aa503c38)] -> xpath: //div[@class='account parbase']//a[@data-remodal-trigger='signin']]
Trying to find Element By : By.xpath: //input[@id = "modal-txt-signin-email"]
Found Element By : By.xpath: //input[@id = "modal-txt-signin-email"]
Trying to find Element By : By.xpath: //input[@id = "modal-txt-signin-email"]
Found Element By : By.xpath: //input[@id = "modal-txt-signin-email"]
Trying to find Element By : By.xpath: //input[@id="modal-txt-signin-password"]
Found Element By : By.xpath: //input[@id="modal-txt-signin-password"]
Trying to find Element By : By.xpath: //input[@id="modal-txt-signin-password"]
Found Element By : By.xpath: //input[@id="modal-txt-signin-password"]
Trying to find Element By : By.xpath: //button[@type="submit"][text()='Sign in']
Found Element By : By.xpath: //button[@type="submit"][text()='Sign in']
Trying to click on: [[ChromeDriver: chrome on WINDOWS (c3c7f55eaad0e601829b8198aa503c38)] -> xpath: //button[@type="submit"][text()='Sign in']]
Clicked on: [[ChromeDriver: chrome on WINDOWS (c3c7f55eaad0e601829b8198aa503c38)] -> xpath: //button[@type="submit"][text()='Sign in']]
]]></system-out>
    <system-err><![CDATA[SLF4J: Failed to load class "org.slf4j.impl.StaticLoggerBinder".
SLF4J: Defaulting to no-operation (NOP) logger implementation
SLF4J: See http://www.slf4j.org/codes.html#StaticLoggerBinder for further details.
Starting ChromeDriver 84.0.4147.30 (48b3e868b4cc0aa7e8149519690b6f6949e110a8-refs/branch-heads/4147@{#310}) on port 17332
Only local connections are allowed.
Please see https://chromedriver.chromium.org/security-considerations for suggestions on keeping ChromeDriver safe.
ChromeDriver was started successfully.
Jul 19, 2020 7:40:41 PM org.openqa.selenium.remote.ProtocolHandshake createSession
INFO: Detected dialect: W3C
]]></system-err>
  </testcase>
  <testcase name="validateIfHmLogoIsPresent" classname="com.hm.tests.HmIndexPageTests" time="1.064">
    <system-out><![CDATA[Before navigating to: 'https://www2.hm.com/en_in/index.html'
Navigated to:'https://www2.hm.com/en_in/index.html'
Trying to find Element By : By.xpath: //a[@class='menu__hm'][contains(@href,'index')]
Found Element By : By.xpath: //a[@class='menu__hm'][contains(@href,'index')]
]]></system-out>
    <system-err><![CDATA[Starting ChromeDriver 84.0.4147.30 (48b3e868b4cc0aa7e8149519690b6f6949e110a8-refs/branch-heads/4147@{#310}) on port 5392
Only local connections are allowed.
Please see https://chromedriver.chromium.org/security-considerations for suggestions on keeping ChromeDriver safe.
ChromeDriver was started successfully.
Jul 19, 2020 7:40:58 PM org.openqa.selenium.remote.ProtocolHandshake createSession
INFO: Detected dialect: W3C
]]></system-err>
  </testcase>
</testsuite>