<?xml version="1.0" encoding="UTF-8"?>
<testng-results skipped="0" failed="0" ignored="0" total="2" passed="2">
  <reporter-output>
  </reporter-output>
  <suite name="HM Workflow Suite" duration-ms="23339" started-at="2020-07-18T23:36:40 IST" finished-at="2020-07-18T23:37:03 IST">
    <groups>
    </groups>
    <test name="HM Smoke test" duration-ms="23339" started-at="2020-07-18T23:36:40 IST" finished-at="2020-07-18T23:37:03 IST">
      <class name="com.hm.tests.HmIndexPageTests">
        <test-method status="PASS" signature="setup()[pri:0, instance:com.hm.tests.HmIndexPageTests@1dfe2924]" name="setup" is-config="true" duration-ms="8215" started-at="2020-07-18T23:36:40 IST" finished-at="2020-07-18T23:36:48 IST">
          <reporter-output>
          </reporter-output>
        </test-method> <!-- setup -->
        <test-method status="PASS" signature="loginWithValidCreds()[pri:0, instance:com.hm.tests.HmIndexPageTests@1dfe2924]" name="loginWithValidCreds" duration-ms="5255" started-at="2020-07-18T23:36:48 IST" finished-at="2020-07-18T23:36:53 IST">
          <reporter-output>
          </reporter-output>
        </test-method> <!-- loginWithValidCreds -->
        <test-method status="PASS" signature="tearDown()[pri:0, instance:com.hm.tests.HmIndexPageTests@1dfe2924]" name="tearDown" is-config="true" duration-ms="967" started-at="2020-07-18T23:36:53 IST" finished-at="2020-07-18T23:36:54 IST">
          <reporter-output>
          </reporter-output>
        </test-method> <!-- tearDown -->
        <test-method status="PASS" signature="setup()[pri:0, instance:com.hm.tests.HmIndexPageTests@1dfe2924]" name="setup" is-config="true" duration-ms="5758" started-at="2020-07-18T23:36:54 IST" finished-at="2020-07-18T23:37:00 IST">
          <reporter-output>
          </reporter-output>
        </test-method> <!-- setup -->
        <test-method status="PASS" signature="validateIfHmLogoIsPresent()[pri:0, instance:com.hm.tests.HmIndexPageTests@1dfe2924]" name="validateIfHmLogoIsPresent" duration-ms="2266" started-at="2020-07-18T23:37:00 IST" finished-at="2020-07-18T23:37:02 IST">
          <reporter-output>
          </reporter-output>
        </test-method> <!-- validateIfHmLogoIsPresent -->
        <test-method status="PASS" signature="tearDown()[pri:0, instance:com.hm.tests.HmIndexPageTests@1dfe2924]" name="tearDown" is-config="true" duration-ms="822" started-at="2020-07-18T23:37:02 IST" finished-at="2020-07-18T23:37:03 IST">
          <reporter-output>
          </reporter-output>
        </test-method> <!-- tearDown -->
      </class> <!-- com.hm.tests.HmIndexPageTests -->
    </test> <!-- HM Smoke test -->
  </suite> <!-- HM Workflow Suite -->
</testng-results>
