<?xml version="1.0" encoding="UTF-8"?>
<testng-results skipped="0" failed="0" total="2" passed="2">
  <reporter-output>
  </reporter-output>
  <suite name="HM Workflow Suite" duration-ms="24562" started-at="2020-07-18T09:00:03Z" finished-at="2020-07-18T09:00:28Z">
    <groups>
    </groups>
    <test name="HM Smoke test" duration-ms="24562" started-at="2020-07-18T09:00:03Z" finished-at="2020-07-18T09:00:28Z">
      <class name="com.hm.tests.HmIndexPageTests">
        <test-method status="PASS" signature="setup()[pri:0, instance:com.hm.tests.HmIndexPageTests@36d64342]" name="setup" is-config="true" duration-ms="8878" started-at="2020-07-18T14:30:03Z" finished-at="2020-07-18T14:30:12Z">
          <reporter-output>
          </reporter-output>
        </test-method> <!-- setup -->
        <test-method status="PASS" signature="loginWithValidCreds()[pri:0, instance:com.hm.tests.HmIndexPageTests@36d64342]" name="loginWithValidCreds" duration-ms="4810" started-at="2020-07-18T14:30:12Z" finished-at="2020-07-18T14:30:17Z">
          <reporter-output>
          </reporter-output>
        </test-method> <!-- loginWithValidCreds -->
        <test-method status="PASS" signature="tearDown()[pri:0, instance:com.hm.tests.HmIndexPageTests@36d64342]" name="tearDown" is-config="true" duration-ms="1048" started-at="2020-07-18T14:30:17Z" finished-at="2020-07-18T14:30:18Z">
          <reporter-output>
          </reporter-output>
        </test-method> <!-- tearDown -->
        <test-method status="PASS" signature="setup()[pri:0, instance:com.hm.tests.HmIndexPageTests@36d64342]" name="setup" is-config="true" duration-ms="7537" started-at="2020-07-18T14:30:18Z" finished-at="2020-07-18T14:30:26Z">
          <reporter-output>
          </reporter-output>
        </test-method> <!-- setup -->
        <test-method status="PASS" signature="validateIfHmLogoIsPresent()[pri:0, instance:com.hm.tests.HmIndexPageTests@36d64342]" name="validateIfHmLogoIsPresent" duration-ms="485" started-at="2020-07-18T14:30:26Z" finished-at="2020-07-18T14:30:26Z">
          <reporter-output>
          </reporter-output>
        </test-method> <!-- validateIfHmLogoIsPresent -->
        <test-method status="PASS" signature="tearDown()[pri:0, instance:com.hm.tests.HmIndexPageTests@36d64342]" name="tearDown" is-config="true" duration-ms="1785" started-at="2020-07-18T14:30:26Z" finished-at="2020-07-18T14:30:28Z">
          <reporter-output>
          </reporter-output>
        </test-method> <!-- tearDown -->
      </class> <!-- com.hm.tests.HmIndexPageTests -->
    </test> <!-- HM Smoke test -->
  </suite> <!-- HM Workflow Suite -->
</testng-results>
